<?xml version="1.0" encoding="UTF-8"?>
<testng-results skipped="0" failed="0" total="1" passed="1">
  <reporter-output>
  </reporter-output>
  <suite name="Default suite" duration-ms="2182" started-at="2021-09-28T14:17:37Z" finished-at="2021-09-28T14:17:39Z">
    <groups>
    </groups>
    <test name="Default test" duration-ms="2182" started-at="2021-09-28T14:17:37Z" finished-at="2021-09-28T14:17:39Z">
      <class name="test.Scripts.CreateprojectAndVerifyDB">
        <test-method status="PASS" signature="bsconfig()[pri:0, instance:test.Scripts.CreateprojectAndVerifyDB@8bd1b6a]" name="bsconfig" is-config="true" duration-ms="753" started-at="2021-09-28T19:47:36Z" finished-at="2021-09-28T19:47:37Z">
          <reporter-output>
          </reporter-output>
        </test-method> <!-- bsconfig -->
        <test-method status="PASS" signature="createProjectandVerifyDB()[pri:0, instance:test.Scripts.CreateprojectAndVerifyDB@8bd1b6a]" name="createProjectandVerifyDB" duration-ms="2166" started-at="2021-09-28T19:47:37Z" finished-at="2021-09-28T19:47:39Z">
          <reporter-output>
          </reporter-output>
        </test-method> <!-- createProjectandVerifyDB -->
        <test-method status="PASS" signature="asconfig()[pri:0, instance:test.Scripts.CreateprojectAndVerifyDB@8bd1b6a]" name="asconfig" is-config="true" duration-ms="7" started-at="2021-09-28T19:47:39Z" finished-at="2021-09-28T19:47:39Z">
          <reporter-output>
          </reporter-output>
        </test-method> <!-- asconfig -->
      </class> <!-- test.Scripts.CreateprojectAndVerifyDB -->
    </test> <!-- Default test -->
  </suite> <!-- Default suite -->
</testng-results>
